This is pdfTeXk, Version 3.141592-1.40.3 (Web2C 7.5.6) (format=pdflatex 2008.10.3)  28 JAN 2013 18:44
entering extended mode
 %&-line parsing enabled.
**COOLFluiD_FVICP.tex
(./COOLFluiD_FVICP.tex
LaTeX2e <2005/12/01>
Babel <v3.8h> and hyphenation patterns for english, usenglishmax, dumylang, noh
yphenation, arabic, basque, bulgarian, coptic, welsh, czech, slovak, german, ng
erman, danish, esperanto, spanish, catalan, galician, estonian, farsi, finnish,
 french, greek, monogreek, ancientgreek, croatian, hungarian, interlingua, ibyc
us, indonesian, icelandic, italian, latin, mongolian, dutch, norsk, polish, por
tuguese, pinyin, romanian, russian, slovenian, uppersorbian, serbian, swedish, 
turkish, ukenglish, ukrainian, loaded.
(/usr/share/texmf/tex/latex/base/article.cls
Document Class: article 2005/09/16 v1.4f Standard LaTeX document class
(/usr/share/texmf/tex/latex/base/size11.clo
File: size11.clo 2005/09/16 v1.4f Standard LaTeX file (size option)
)
\c@part=\count79
\c@section=\count80
\c@subsection=\count81
\c@subsubsection=\count82
\c@paragraph=\count83
\c@subparagraph=\count84
\c@figure=\count85
\c@table=\count86
\abovecaptionskip=\skip41
\belowcaptionskip=\skip42
\bibindent=\dimen102
)
(/usr/share/texmf/tex/latex/graphics/graphicx.sty
Package: graphicx 1999/02/16 v1.0f Enhanced LaTeX Graphics (DPC,SPQR)

(/usr/share/texmf/tex/latex/graphics/keyval.sty
Package: keyval 1999/03/16 v1.13 key=value parser (DPC)
\KV@toks@=\toks14
)
(/usr/share/texmf/tex/latex/graphics/graphics.sty
Package: graphics 2006/02/20 v1.0o Standard LaTeX Graphics (DPC,SPQR)

(/usr/share/texmf/tex/latex/graphics/trig.sty
Package: trig 1999/03/16 v1.09 sin cos tan (DPC)
)
(/usr/share/texmf/tex/latex/config/graphics.cfg
File: graphics.cfg 2007/01/18 v1.5 graphics configuration of teTeX/TeXLive
)
Package graphics Info: Driver file: pdftex.def on input line 90.

(/usr/share/texmf/tex/latex/pdftex-def/pdftex.def
File: pdftex.def 2007/01/08 v0.04d Graphics/color for pdfTeX
\Gread@gobject=\count87
))
\Gin@req@height=\dimen103
\Gin@req@width=\dimen104
)
(/usr/share/texmf/tex/latex/graphics/epsfig.sty
Package: epsfig 1999/02/16 v1.7a (e)psfig emulation (SPQR)
\epsfxsize=\dimen105
\epsfysize=\dimen106
)
(/usr/share/texmf/tex/latex/subfigure/subfigure.sty
Package: subfigure 2002/03/15 v2.1.5 subfigure package
\subfigtopskip=\skip43
\subfigcapskip=\skip44
\subfigcaptopadj=\dimen107
\subfigbottomskip=\skip45
\subfigcapmargin=\dimen108
\subfiglabelskip=\skip46
\c@subfigure=\count88
\c@lofdepth=\count89
\c@subtable=\count90
\c@lotdepth=\count91

****************************************
* Local config file subfigure.cfg used *
****************************************
(/usr/share/texmf/tex/latex/subfigure/subfigure.cfg)
\subfig@top=\skip47
\subfig@bottom=\skip48
)
(/usr/share/texmf/tex/latex/ltxmisc/subfigmat.sty
Package: subfigmat 1999/02/27 v1.0 Subfigure Matrix Package
\sfm@width=\skip49
\sfmcolsep=\skip50
\c@sfm@count=\count92
)
(/usr/share/texmf/tex/latex/graphics/color.sty
Package: color 2005/11/14 v1.0j Standard LaTeX Color (DPC)

(/usr/share/texmf/tex/latex/config/color.cfg
File: color.cfg 2007/01/18 v1.5 color configuration of teTeX/TeXLive
)
Package color Info: Driver file: pdftex.def on input line 130.
)
Package color Info: Redefining color red on input line 10.
 (./COOLFluiD_FVICP.aux

LaTeX Warning: Label `fig:' multiply defined.

)
\openout1 = `COOLFluiD_FVICP.aux'.

LaTeX Font Info:    Checking defaults for OML/cmm/m/it on input line 24.
LaTeX Font Info:    ... okay on input line 24.
LaTeX Font Info:    Checking defaults for T1/cmr/m/n on input line 24.
LaTeX Font Info:    ... okay on input line 24.
LaTeX Font Info:    Checking defaults for OT1/cmr/m/n on input line 24.
LaTeX Font Info:    ... okay on input line 24.
LaTeX Font Info:    Checking defaults for OMS/cmsy/m/n on input line 24.
LaTeX Font Info:    ... okay on input line 24.
LaTeX Font Info:    Checking defaults for OMX/cmex/m/n on input line 24.
LaTeX Font Info:    ... okay on input line 24.
LaTeX Font Info:    Checking defaults for U/cmr/m/n on input line 24.
LaTeX Font Info:    ... okay on input line 24.
LaTeX Font Info:    External font `cmex10' loaded for size
(Font)              <10.95> on input line 34.
LaTeX Font Info:    External font `cmex10' loaded for size
(Font)              <8> on input line 34.
LaTeX Font Info:    External font `cmex10' loaded for size
(Font)              <6> on input line 34.
LaTeX Font Info:    Try loading font information for OMS+cmr on input line 43.
 (/usr/share/texmf/tex/latex/base/omscmr.fd
File: omscmr.fd 1999/05/25 v2.5h Standard LaTeX font definitions
)
LaTeX Font Info:    Font shape `OMS/cmr/m/n' in size <10.95> not available
(Font)              Font shape `OMS/cmsy/m/n' tried instead on input line 43.

<geom_torch.pdf, id=1, 476.78125pt x 102.3825pt>
File: geom_torch.pdf Graphic file (type pdf)
 <use geom_torch.pdf>
<mesh_torch_3.png, id=2, 418.40526pt x 73.03073pt>
File: mesh_torch_3.png Graphic file (type png)
 <use mesh_torch_3.png>
Overfull \hbox (85.07442pt too wide) in paragraph at lines 70--70
[]\OT1/cmtt/m/n/10.95 Simulator.Modules.Libs = libPetsc libTecplotWriter libNav
ierStokes libMutation libMutationI \[] 
 []


Overfull \hbox (62.07967pt too wide) in paragraph at lines 70--70
[] \OT1/cmtt/m/n/10.95 libICP libLTE libICPLTE libFiniteVolume libFiniteVolumeN
avierStokes libFiniteVolumeICP \[] 
 []

[1

{/var/lib/texmf/fonts/map/pdftex/updmap/pdftex.map} <./geom_torch.pdf>]
Underfull \hbox (badness 10000) in paragraph at lines 92--95

 []

[2 <./mesh_torch_3.png>]
Overfull \hbox (27.58754pt too wide) in paragraph at lines 156--156
[]\OT1/cmtt/m/n/10.95 Simulator.SubSystem.CellCenterFVM.PseudoSteadyTimeRhsCoup
ling.annullDiagValue = 0 1[] 
 []

[3]
Overfull \hbox (10.34148pt too wide) in paragraph at lines 217--217
[]\OT1/cmtt/m/n/10.95 # the following settings of the flux limiter can be comme
nted out in first order[] 
 []


Overfull \hbox (27.58754pt too wide) in paragraph at lines 217--217
[]\OT1/cmtt/m/n/10.95 # set true the following for backward compatibility, but 
false should behave better[] 
 []


Overfull \hbox (33.33623pt too wide) in paragraph at lines 217--217
[]\OT1/cmtt/m/n/10.95 Simulator.SubSystem.CellCenterFVM.Data.Venktn2D.useNodalE
xtrapolationStencil = false[] 
 []

[4] <torch_T_nc.pdf, id=38, 478.78876pt x 103.38625pt>
File: torch_T_nc.pdf Graphic file (type pdf)
 <use torch_T_nc.pdf>
<torch_SL_nc.pdf, id=39, 478.78876pt x 103.38625pt>
File: torch_SL_nc.pdf Graphic file (type pdf)
 <use torch_SL_nc.pdf>
[5] [6 <./torch_T_nc.pdf> <./torch_SL_nc.pdf>] [7] [8]
Overfull \hbox (44.8336pt too wide) in paragraph at lines 503--503
[]\OT1/cmtt/m/n/10.95 Simulator.SubSystem.CellCenterFVM.Data.NodalExtrapolation
 = DistanceBasedGMoveMultiTRS[] 
 []


Overfull \hbox (33.33623pt too wide) in paragraph at lines 503--503
[]\OT1/cmtt/m/n/10.95 # order of application of BCs (this determines which cond
ition to impose in corners)[] 
 []


Overfull \hbox (39.08492pt too wide) in paragraph at lines 503--503
[]\OT1/cmtt/m/n/10.95 Simulator.SubSystem.CellCenterFVM.Data.DistanceBasedGMove
MultiTRS.TrsPriorityList = \[] 
 []


Overfull \hbox (33.33623pt too wide) in paragraph at lines 503--503
[]\OT1/cmtt/m/n/10.95 # names of the boundary patches (TRS) on which a some val
ues will be forced strongly[] 
 []

[9] <torch_T_initial.pdf, id=65, 478.78876pt x 125.46875pt>
File: torch_T_initial.pdf Graphic file (type pdf)

<use torch_T_initial.pdf> [10]

LaTeX Warning: Reference `sec:torch_remarks' on page 11 undefined on input line
 536.

[11 <./torch_T_initial.pdf>]
Overfull \hbox (3.22441pt too wide) in paragraph at lines 576--576
 []  \OT1/cmtt/m/n/10.95 Simulator.SubSystem.CellCenterFVM.BcTorchWallUp.applyT
RS = Wall_torch_up[] 
 []


Overfull \hbox (3.22441pt too wide) in paragraph at lines 576--576
 []  \OT1/cmtt/m/n/10.95 Simulator.SubSystem.CellCenterFVM.BcTorchWallIn.applyT
RS = Wall_torch_in[] 
 []

[12]
Overfull \hbox (21.83885pt too wide) in paragraph at lines 605--605
[] \OT1/cmtt/m/n/10.95 Simulator.SubSystem.DataProcessing.JouleHeatSource.Radiu
sCoils = .109 .109 .109 \[] 
 []


Overfull \hbox (10.34148pt too wide) in paragraph at lines 605--605
[]                                                                  \OT1/cmtt/m
/n/10.95 .109 .109 .109[] 
 []


Overfull \hbox (39.08492pt too wide) in paragraph at lines 605--605
[] \OT1/cmtt/m/n/10.95 Simulator.SubSystem.DataProcessing.JouleHeatSource.ZPosi
tionCoils = .127 .177 .227 \[] 
 []


Overfull \hbox (27.58754pt too wide) in paragraph at lines 605--605
[]                                                                     \OT1/cmt
t/m/n/10.95 .277 .327 .377[] 
 []


Overfull \hbox (67.82835pt too wide) in paragraph at lines 609--609
[]  \OT1/cmtt/m/n/10.95 Simulator.SubSystem.DataProcessing.JouleHeatSource.Outp
utFileElCurrent = ./elCurrent.plt[] 
 []


Overfull \hbox (10.34148pt too wide) in paragraph at lines 621--621
[] \OT1/cmtt/m/n/10.95 Simulator.SubSystem.DataProcessing.LorentzForce.FaceCent
erComputationMethod = 1[] 
 []

[13]
Overfull \hbox (39.08492pt too wide) in paragraph at lines 647--647
[]\OT1/cmtt/m/n/10.95 Simulator.SubSystem.Default.listTRS = InnerFaces Symmetry
 Wall_torch_up Wall_torch_in[] 
 []


Overfull \hbox (62.07967pt too wide) in paragraph at lines 688--688
[] \OT1/cmtt/m/n/10.95 Simulator.SubSystem.CellCenterFVM.BcComds = EpComputingN
oSlipWallIsothermalICPPvtFVMCC \[] 
 []


Overfull \hbox (56.33098pt too wide) in paragraph at lines 688--688
[]                                            \OT1/cmtt/m/n/10.95 EpComputingNo
SlipWallIsothermalICPPvtFVMCC \[] 
 []

[14]
Overfull \hbox (21.83885pt too wide) in paragraph at lines 688--688
[]                                            \OT1/cmtt/m/n/10.95 EpComputingSu
bInletICP2DPuvtUVTFVMCC \[] 
 []


Overfull \hbox (10.34148pt too wide) in paragraph at lines 688--688
[]                                            \OT1/cmtt/m/n/10.95 EpComputingSu
bOutletICP2DPuvtFVMCC \[] 
 []

[15] (./COOLFluiD_FVICP.aux)

LaTeX Warning: There were undefined references.


LaTeX Warning: There were multiply-defined labels.

 ) 
Here is how much of TeX's memory you used:
 894 strings out of 256216
 11331 string characters out of 1917072
 63655 words of memory out of 1500000
 4203 multiletter control sequences out of 10000+200000
 9032 words of font info for 32 fonts, out of 1200000 for 2000
 645 hyphenation exceptions out of 8191
 25i,10n,24p,434b,210s stack positions out of 5000i,500n,6000p,200000b,15000s
</usr/share/texmf/fonts/type1/bluesky/cm/cmbx10.pfb></usr/share/texmf/fonts/t
ype1/bluesky/cm/cmbx12.pfb></usr/share/texmf/fonts/type1/bluesky/cm/cmmi10.pfb>
</usr/share/texmf/fonts/type1/bluesky/cm/cmmi8.pfb></usr/share/texmf/fonts/type
1/bluesky/cm/cmr10.pfb></usr/share/texmf/fonts/type1/bluesky/cm/cmr8.pfb></usr/
share/texmf/fonts/type1/bluesky/cm/cmsy10.pfb></usr/share/texmf/fonts/type1/blu
esky/cm/cmti10.pfb></usr/share/texmf/fonts/type1/bluesky/cm/cmtt10.pfb>
Output written on COOLFluiD_FVICP.pdf (15 pages, 181511 bytes).
PDF statistics:
 118 PDF objects out of 1000 (max. 8388607)
 0 named destinations out of 1000 (max. 131072)
 26 words of extra memory for PDF output out of 10000 (max. 10000000)

