This is pdfTeXk, Version 3.141592-1.40.3 (Web2C 7.5.6) (format=pdflatex 2008.10.3)  13 MAY 2013 17:04
entering extended mode
 %&-line parsing enabled.
**COOLFluiD_ATD.tex
(./COOLFluiD_ATD.tex
LaTeX2e <2005/12/01>
Babel <v3.8h> and hyphenation patterns for english, usenglishmax, dumylang, noh
yphenation, arabic, basque, bulgarian, coptic, welsh, czech, slovak, german, ng
erman, danish, esperanto, spanish, catalan, galician, estonian, farsi, finnish,
 french, greek, monogreek, ancientgreek, croatian, hungarian, interlingua, ibyc
us, indonesian, icelandic, italian, latin, mongolian, dutch, norsk, polish, por
tuguese, pinyin, romanian, russian, slovenian, uppersorbian, serbian, swedish, 
turkish, ukenglish, ukrainian, loaded.
(/usr/share/texmf/tex/latex/base/article.cls
Document Class: article 2005/09/16 v1.4f Standard LaTeX document class
(/usr/share/texmf/tex/latex/base/size11.clo
File: size11.clo 2005/09/16 v1.4f Standard LaTeX file (size option)
)
\c@part=\count79
\c@section=\count80
\c@subsection=\count81
\c@subsubsection=\count82
\c@paragraph=\count83
\c@subparagraph=\count84
\c@figure=\count85
\c@table=\count86
\abovecaptionskip=\skip41
\belowcaptionskip=\skip42
\bibindent=\dimen102
)
(/usr/share/texmf/tex/latex/graphics/graphicx.sty
Package: graphicx 1999/02/16 v1.0f Enhanced LaTeX Graphics (DPC,SPQR)

(/usr/share/texmf/tex/latex/graphics/keyval.sty
Package: keyval 1999/03/16 v1.13 key=value parser (DPC)
\KV@toks@=\toks14
)
(/usr/share/texmf/tex/latex/graphics/graphics.sty
Package: graphics 2006/02/20 v1.0o Standard LaTeX Graphics (DPC,SPQR)

(/usr/share/texmf/tex/latex/graphics/trig.sty
Package: trig 1999/03/16 v1.09 sin cos tan (DPC)
)
(/usr/share/texmf/tex/latex/config/graphics.cfg
File: graphics.cfg 2007/01/18 v1.5 graphics configuration of teTeX/TeXLive
)
Package graphics Info: Driver file: pdftex.def on input line 90.

(/usr/share/texmf/tex/latex/pdftex-def/pdftex.def
File: pdftex.def 2007/01/08 v0.04d Graphics/color for pdfTeX
\Gread@gobject=\count87
))
\Gin@req@height=\dimen103
\Gin@req@width=\dimen104
)
(/usr/share/texmf/tex/latex/graphics/epsfig.sty
Package: epsfig 1999/02/16 v1.7a (e)psfig emulation (SPQR)
\epsfxsize=\dimen105
\epsfysize=\dimen106
)
(/usr/share/texmf/tex/latex/subfigure/subfigure.sty
Package: subfigure 2002/03/15 v2.1.5 subfigure package
\subfigtopskip=\skip43
\subfigcapskip=\skip44
\subfigcaptopadj=\dimen107
\subfigbottomskip=\skip45
\subfigcapmargin=\dimen108
\subfiglabelskip=\skip46
\c@subfigure=\count88
\c@lofdepth=\count89
\c@subtable=\count90
\c@lotdepth=\count91

****************************************
* Local config file subfigure.cfg used *
****************************************
(/usr/share/texmf/tex/latex/subfigure/subfigure.cfg)
\subfig@top=\skip47
\subfig@bottom=\skip48
)
(/usr/share/texmf/tex/latex/ltxmisc/subfigmat.sty
Package: subfigmat 1999/02/27 v1.0 Subfigure Matrix Package
\sfm@width=\skip49
\sfmcolsep=\skip50
\c@sfm@count=\count92
) (./COOLFluiD_ATD.aux)
\openout1 = `COOLFluiD_ATD.aux'.

LaTeX Font Info:    Checking defaults for OML/cmm/m/it on input line 23.
LaTeX Font Info:    ... okay on input line 23.
LaTeX Font Info:    Checking defaults for T1/cmr/m/n on input line 23.
LaTeX Font Info:    ... okay on input line 23.
LaTeX Font Info:    Checking defaults for OT1/cmr/m/n on input line 23.
LaTeX Font Info:    ... okay on input line 23.
LaTeX Font Info:    Checking defaults for OMS/cmsy/m/n on input line 23.
LaTeX Font Info:    ... okay on input line 23.
LaTeX Font Info:    Checking defaults for OMX/cmex/m/n on input line 23.
LaTeX Font Info:    ... okay on input line 23.
LaTeX Font Info:    Checking defaults for U/cmr/m/n on input line 23.
LaTeX Font Info:    ... okay on input line 23.
LaTeX Font Info:    External font `cmex10' loaded for size
(Font)              <10.95> on input line 33.
LaTeX Font Info:    External font `cmex10' loaded for size
(Font)              <8> on input line 33.
LaTeX Font Info:    External font `cmex10' loaded for size
(Font)              <6> on input line 33.
LaTeX Font Info:    Try loading font information for OMS+cmr on input line 60.

(/usr/share/texmf/tex/latex/base/omscmr.fd
File: omscmr.fd 1999/05/25 v2.5h Standard LaTeX font definitions
)
LaTeX Font Info:    Font shape `OMS/cmr/m/n' in size <10.95> not available
(Font)              Font shape `OMS/cmsy/m/n' tried instead on input line 60.
 [1

{/var/lib/texmf/fonts/map/pdftex/updmap/pdftex.map}] [2]
Overfull \hbox (66.45998pt too wide) in paragraph at lines 171--171
 []\OT1/cmtt/m/n/10.95 svn co https://coolfluidsrv.vki.ac.be/svn/coolfluid/Scri
pts/install-coolfluid-deps.pl[] 
 []


Overfull \hbox (60.71129pt too wide) in paragraph at lines 176--176
 []\OT1/cmtt/m/n/10.95 ./install-coolfluid-deps.pl --tmp-dir=TDIR --install-dir
=LDIR --install-mpi-dir=MDIR[] 
 []


Overfull \hbox (3.22441pt too wide) in paragraph at lines 188--188
 []  \OT1/cmtt/m/n/10.95 export LD_LIBRARY_PATH=LDIR/lib:MDIR/lib:MDIR/petsc/li
b:$LD_LIBRARY_PATH[] 
 []


Overfull \hbox (49.21391pt too wide) in paragraph at lines 193--193
 []\OT1/cmtt/m/n/10.95 svn co https://coolfluidsrv.vki.ac.be/svn/coolfluid/Sour
ces/Kernel/trunk coolfluid[] 
 []

[3]
Underfull \hbox (badness 10000) in paragraph at lines 222--224

 []

[4]
Overfull \hbox (10.34148pt too wide) in paragraph at lines 300--300
[]\OT1/cmtt/m/n/10.95 Simulator.Modules.Libs = libCFmeshFileReader libNavierSto
kes libFiniteVolume ...[] 
 []

[5] [6]
Overfull \hbox (16.09016pt too wide) in paragraph at lines 403--403
[]\OT1/cmtt/m/n/10.95 Simulator.SubSystem.NavierStokes2DNEQ.Mutation2OLD.includ
eElectronicEnergy = true[] 
 []

[7] [8]
Overfull \hbox (67.82835pt too wide) in paragraph at lines 496--496
[]\OT1/cmtt/m/n/10.95 Simulator.SubSystem.CFmeshFileReader.ParReadCFmesh.ParCFm
eshFileReader.NbOverlapLayers = 2[] 
 []

[9] [10] [11]
Overfull \hbox (33.33623pt too wide) in paragraph at lines 661--661
[]\OT1/cmtt/m/n/10.95 # HUS flux works for all NEQ models but is generally less
 stable and carbuncle prone[] 
 []

[12]
Underfull \hbox (badness 10000) in paragraph at lines 696--697

 []

[13]
Overfull \hbox (27.58754pt too wide) in paragraph at lines 739--739
[]\OT1/cmtt/m/n/10.95 # set true the following for backward compatibility, but 
false should behave better[] 
 []


Overfull \hbox (33.33623pt too wide) in paragraph at lines 739--739
[]\OT1/cmtt/m/n/10.95 Simulator.SubSystem.CellCenterFVM.Data.Venktn2D.useNodalE
xtrapolationStencil = false[] 
 []

[14]
Overfull \hbox (39.08492pt too wide) in paragraph at lines 807--807
[]\OT1/cmtt/m/n/10.95 # arbitrarily complex function definitions (one per updat
e variable, 15 in this case)[] 
 []

[15]
Overfull \hbox (33.33623pt too wide) in paragraph at lines 875--875
[]\OT1/cmtt/m/n/10.95 In order to impose a radiative equilibrium condition, add
itional options are needed:[] 
 []


Underfull \hbox (badness 7740) in paragraph at lines 877--880
[]\OT1/cmr/m/n/10.95 A super-catalytic wall con-di-tion, im-pos-ing LTE at the 
wall, can be im-posed
 []


Underfull \hbox (badness 10000) in paragraph at lines 877--880
\OT1/cmr/m/n/10.95 by re-plac-ing the BC ob-ject name \OT1/cmtt/m/n/10.95 NoSli
pWallIsothermalNSrvtMultiFVMCC \OT1/cmr/m/n/10.95 with
 []

[16] [17]
Overfull \hbox (33.33623pt too wide) in paragraph at lines 957--957
[]\OT1/cmtt/m/n/10.95 Simulator.SubSystem.CellCenterFVM.Data.NodalExtrapolation
 = DistanceBasedGMoveRhoivt[] 
 []


Overfull \hbox (16.09016pt too wide) in paragraph at lines 957--957
[]\OT1/cmtt/m/n/10.95 # IDs of the variables to be imposed strongly on the boun
daries listed in TRSName[] 
 []


Overfull \hbox (4.59279pt too wide) in paragraph at lines 957--957
[]\OT1/cmtt/m/n/10.95 # list determines the priority of one TRS (and BC) over a
nother in corner nodes[] 
 []


Overfull \hbox (27.58754pt too wide) in paragraph at lines 957--957
[]\OT1/cmtt/m/n/10.95 Simulator.SubSystem.CellCenterFVM.Data.DistanceBasedGMove
Rhoivt.TrsPriorityList = \[] 
 []


Overfull \hbox (16.09016pt too wide) in paragraph at lines 974--974
[]\OT1/cmtt/m/n/10.95 Simulator.SubSystem.CellCenterFVM.Data.DistanceBasedGMove
Rhoivt.ValuesIdx = 11 12[] 
 []


Overfull \hbox (39.08492pt too wide) in paragraph at lines 974--974
[]\OT1/cmtt/m/n/10.95 Simulator.SubSystem.CellCenterFVM.Data.DistanceBasedGMove
Rhoivt.RadEquilibrium = true[] 
 []


Underfull \hbox (badness 2073) in paragraph at lines 978--980
 \OT1/cmr/bx/n/10.95 Super-catalytic case (LTE at the wall)[] \OT1/cmr/m/n/10.9
5 A super-catalytic BC re-quires set-ting
 []

[18]
Overfull \hbox (27.58754pt too wide) in paragraph at lines 1041--1041
[]\OT1/cmtt/m/n/10.95 # if this option is present, providing the x,y coordinate
s of the stagnation point,[] 
 []


Overfull \hbox (56.33098pt too wide) in paragraph at lines 1041--1041
[]\OT1/cmtt/m/n/10.95 # this setting should be commented out in case all mesh l
ines are needed (not supported)[] 
 []

[19]
Overfull \hbox (16.09016pt too wide) in paragraph at lines 1090--1090
[]\OT1/cmtt/m/n/10.95 # name of the command object implementing the radiation t
ransport via Monte-Carlo[] 
 []


Overfull \hbox (21.83885pt too wide) in paragraph at lines 1090--1090
[]\OT1/cmtt/m/n/10.95 # Free stream temperature (if>0, it will impose q_rad=0 f
or the cell where active)[] 
 []

[20]
Overfull \hbox (44.8336pt too wide) in paragraph at lines 1131--1131
[]\OT1/cmtt/m/n/10.95 # if < "npoints" declared in parade.con, Monte-Carlo will
 compute radiative properties[] 
 []


Overfull \hbox (39.08492pt too wide) in paragraph at lines 1131--1131
[]\OT1/cmtt/m/n/10.95 Simulator.SubSystem.DataProcessing2.RT.Parade.path = /hom
e/myuser/PARADEv3.1/parade31[] 
 []


Overfull \hbox (62.07967pt too wide) in paragraph at lines 1131--1131
[]\OT1/cmtt/m/n/10.95 # when set to 1, this allows for restarting from previous
ly computed radiative properties[] 
 []


Overfull \hbox (10.34148pt too wide) in paragraph at lines 1139--1139
[]\OT1/cmtt/m/n/10.95 # 0 < RadRelaxationFactor <= 1  coupled case, this is an 
under-relaxation factor[] 
 []


Overfull \hbox (4.59279pt too wide) in paragraph at lines 1139--1139
[]\OT1/cmtt/m/n/10.95 Simulator.SubSystem.CellCenterFVM.Data.Euler2DCTNEQST.Rad
RelaxationFactor = 1.0[] 
 []

[21]
Overfull \hbox (16.09016pt too wide) in paragraph at lines 1176--1176
[]\OT1/cmtt/m/n/10.95 Simulator.SubSystem.DataProcessing3.Comds = NavierStokesS
kinFrictionHeatFluxCCNEQ[] 
 []


Overfull \hbox (10.34148pt too wide) in paragraph at lines 1176--1176
[]\OT1/cmtt/m/n/10.95 # ALL the following free stream values and update variabl
e IDs MUST be specified[] 
 []


Overfull \hbox (10.34148pt too wide) in paragraph at lines 1176--1176
[]\OT1/cmtt/m/n/10.95 Simulator.SubSystem.DataProcessing3.SkinFriction.uInf = 1
1360.      # x-velocity[] 
 []


Overfull \hbox (16.09016pt too wide) in paragraph at lines 1176--1176
[]\OT1/cmtt/m/n/10.95 Simulator.SubSystem.DataProcessing3.SkinFriction.TInf = 1
95.        # temperature[] 
 []


Overfull \hbox (27.58754pt too wide) in paragraph at lines 1176--1176
[]\OT1/cmtt/m/n/10.95 Simulator.SubSystem.DataProcessing3.SkinFriction.UID = 11
           # x-velocity ID[] 
 []


Overfull \hbox (27.58754pt too wide) in paragraph at lines 1176--1176
[]\OT1/cmtt/m/n/10.95 Simulator.SubSystem.DataProcessing3.SkinFriction.VID = 12
           # y-velocity ID[] 
 []


Overfull \hbox (33.33623pt too wide) in paragraph at lines 1176--1176
[]\OT1/cmtt/m/n/10.95 Simulator.SubSystem.DataProcessing3.SkinFriction.TID = 13
           # temperature ID[] 
 []

[22] [23] (./COOLFluiD_ATD.aux) ) 
Here is how much of TeX's memory you used:
 829 strings out of 256216
 10235 string characters out of 1917072
 61449 words of memory out of 1500000
 4148 multiletter control sequences out of 10000+200000
 9200 words of font info for 33 fonts, out of 1200000 for 2000
 645 hyphenation exceptions out of 8191
 25i,5n,24p,317b,204s stack positions out of 5000i,500n,6000p,200000b,15000s
</usr/share/texmf/fonts/type1/bluesky/cm/cmbx1
0.pfb></usr/share/texmf/fonts/type1/bluesky/cm/cmbx12.pfb></usr/share/texmf/fon
ts/type1/bluesky/cm/cmitt10.pfb></usr/share/texmf/fonts/type1/bluesky/cm/cmmi10
.pfb></usr/share/texmf/fonts/type1/bluesky/cm/cmmi8.pfb></usr/share/texmf/fonts
/type1/bluesky/cm/cmr10.pfb></usr/share/texmf/fonts/type1/bluesky/cm/cmr8.pfb><
/usr/share/texmf/fonts/type1/bluesky/cm/cmsy10.pfb></usr/share/texmf/fonts/type
1/bluesky/cm/cmti10.pfb></usr/share/texmf/fonts/type1/bluesky/cm/cmtt10.pfb>
Output written on COOLFluiD_ATD.pdf (23 pages, 138787 bytes).
PDF statistics:
 116 PDF objects out of 1000 (max. 8388607)
 0 named destinations out of 1000 (max. 131072)
 1 words of extra memory for PDF output out of 10000 (max. 10000000)

